-XaddSerialVersionUID
-Xajruntimetarget:1.5
-encoding
UTF-8
-showWeaveInfo
-source
11
-target
11
-verbose
-classpath
/Users/michael/.m2/repository/org/junit/platform/junit-platform-launcher/1.7.0-M1/junit-platform-launcher-1.7.0-M1.jar:/Users/michael/.m2/repository/org/junit/jupiter/junit-jupiter-engine/5.7.0-M1/junit-jupiter-engine-5.7.0-M1.jar:/Users/michael/.m2/repository/org/junit/jupiter/junit-jupiter-params/5.7.0-M1/junit-jupiter-params-5.7.0-M1.jar:/Users/michael/.m2/repository/io/jexxa/addend/Addend/1.0/Addend-1.0.jar:/Users/michael/.m2/repository/org/aspectj/aspectjtools/1.9.6/aspectjtools-1.9.6.jar:/Users/michael/.m2/repository/org/aspectj/aspectjrt/1.9.6/aspectjrt-1.9.6.jar:/Volumes/WorkspaceMac/Entwicklung/DDD/AddendJ/target/classes
-d
/Volumes/WorkspaceMac/Entwicklung/DDD/AddendJ/target/classes
-s
/Volumes/WorkspaceMac/Entwicklung/DDD/AddendJ/target/generated-sources/aspectj-maven-plugin
/Volumes/WorkspaceMac/Entwicklung/DDD/AddendJ/src/main/java/io/jexxa/addendj/applicationcore/AggregateAspect.aj
/Volumes/WorkspaceMac/Entwicklung/DDD/AddendJ/src/main/java/io/jexxa/addendj/applicationcore/DomainEventAspect.aj
/Volumes/WorkspaceMac/Entwicklung/DDD/AddendJ/src/main/java/io/jexxa/addendj/applicationcore/object/AttributeAccessException.java
/Volumes/WorkspaceMac/Entwicklung/DDD/AddendJ/src/main/java/io/jexxa/addendj/applicationcore/object/ClassAccessor.java
/Volumes/WorkspaceMac/Entwicklung/DDD/AddendJ/src/main/java/io/jexxa/addendj/applicationcore/object/DeepEqualsAndHashCode.java
/Volumes/WorkspaceMac/Entwicklung/DDD/AddendJ/src/main/java/io/jexxa/addendj/applicationcore/object/DeepToString.java
/Volumes/WorkspaceMac/Entwicklung/DDD/AddendJ/src/main/java/io/jexxa/addendj/applicationcore/ValueObjectAspect.aj
